<?xml version="1.0" encoding="UTF-8"?>
<!-- Generated by org.testng.reporters.JUnitReportReporter -->
<testsuite skipped="4" hostname="UX010165-TPV-A" name="mytr.cucumber.ex.testrunner.TestNGTestRunner" tests="5" failures="0" timestamp="28 Jul 2017 05:39:14 GMT" time="0.042" errors="1">
  <testcase name="runFeatures" time="0.042" classname="mytr.cucumber.ex.testrunner.TestNGTestRunner">
    <skipped/>
  </testcase> <!-- runFeatures -->
  <testcase name="runFeatures" time="0.000" classname="mytr.cucumber.ex.testrunner.TestNGTestRunner">
    <skipped/>
  </testcase> <!-- runFeatures -->
  <testcase name="runFeatures" time="0.000" classname="mytr.cucumber.ex.testrunner.TestNGTestRunner">
    <skipped/>
  </testcase> <!-- runFeatures -->
  <testcase name="setUp" time="0.000" classname="mytr.cucumber.ex.testrunner.TestNGTestRunner">
    <error type="org.testng.TestNGException" message="
Parameter &#039;browser&#039; is required by BeforeSuite on method setUp but has not been marked @Optional or defined
in C:\Users\UX010165\AppData\Local\Temp\testng-eclipse--1636264150\testng-customsuite.xml">
      <![CDATA[org.testng.TestNGException: 
Parameter 'browser' is required by BeforeSuite on method setUp but has not been marked @Optional or defined
in C:\Users\UX010165\AppData\Local\Temp\testng-eclipse--1636264150\testng-customsuite.xml
	at org.testng.internal.Parameters.createParameters(Parameters.java:199)
	at org.testng.internal.Parameters.createParameters(Parameters.java:443)
	at org.testng.internal.Parameters.createConfigurationParameters(Parameters.java:118)
	at org.testng.internal.Invoker.invokeConfigurations(Invoker.java:206)
	at org.testng.internal.Invoker.invokeConfigurations(Invoker.java:146)
	at org.testng.SuiteRunner.privateRun(SuiteRunner.java:326)
	at org.testng.SuiteRunner.run(SuiteRunner.java:289)
	at org.testng.SuiteRunnerWorker.runSuite(SuiteRunnerWorker.java:52)
	at org.testng.SuiteRunnerWorker.run(SuiteRunnerWorker.java:86)
	at org.testng.TestNG.runSuitesSequentially(TestNG.java:1301)
	at org.testng.TestNG.runSuitesLocally(TestNG.java:1226)
	at org.testng.TestNG.runSuites(TestNG.java:1144)
	at org.testng.TestNG.run(TestNG.java:1115)
	at org.testng.remote.AbstractRemoteTestNG.run(AbstractRemoteTestNG.java:132)
	at org.testng.remote.RemoteTestNG.initAndRun(RemoteTestNG.java:230)
	at org.testng.remote.RemoteTestNG.main(RemoteTestNG.java:76)
]]>
    </error>
  </testcase> <!-- setUp -->
  <testcase name="runFeatures" time="0.000" classname="mytr.cucumber.ex.testrunner.TestNGTestRunner">
    <skipped/>
  </testcase> <!-- runFeatures -->
</testsuite> <!-- mytr.cucumber.ex.testrunner.TestNGTestRunner -->
